<?xml version="1.0" encoding="UTF-8"?>
<!-- Generated by org.testng.reporters.JUnitXMLReporter -->
<testsuite ignored="0" hostname="DESKTOP-SHVGL09" failures="0" tests="9" name="Comment" time="9.667" errors="0" timestamp="07 Mar 2021 01:15:50 GMT">
  <testcase classname="CommentTests" name="Create_Comment_Success" time="0.67"/>
  <testcase classname="CommentTests" name="Create_Comment_Unsuccessful" time="0.57"/>
  <testcase classname="CommentTests" name="Get_One_Comment" time="0.642"/>
  <testcase classname="CommentTests" name="Get_Invalid_Comment" time="0.907"/>
  <testcase classname="CommentTests" name="Get_All_Comments" time="0.485"/>
  <testcase classname="CommentTests" name="Update_Comment_Success" time="0.56"/>
  <testcase classname="CommentTests" name="Update_Comment_Unsuccessful" time="0.547"/>
  <testcase classname="CommentTests" name="Delete_Invalid_Comment" time="2.54"/>
  <testcase classname="CommentTests" name="Delete_Comment_Success" time="0.55"/>
</testsuite> <!-- Comment -->
