<?xml version="1.0" encoding="UTF-8"?>
<!-- Generated by org.testng.reporters.JUnitXMLReporter -->
<testsuite ignored="0" hostname="DESKTOP-SHVGL09" failures="0" tests="10" name="Post" time="40.114" errors="0" timestamp="07 Mar 2021 01:15:40 GMT">
  <testcase classname="PostTests" name="Create_Post_Success" time="20.968"/>
  <testcase classname="PostTests" name="Create_Post_Unsuccessful" time="1.684"/>
  <testcase classname="PostTests" name="Get_One_Post" time="1.579"/>
  <testcase classname="PostTests" name="Get_Invalid_Post" time="1.677"/>
  <testcase classname="PostTests" name="Get_All_Posts" time="1.348"/>
  <testcase classname="PostTests" name="Update_Post_Success" time="1.649"/>
  <testcase classname="PostTests" name="Update_Post_Unsuccessful" time="1.491"/>
  <testcase classname="PostTests" name="Delete_Invalid_Post" time="1.497"/>
  <testcase classname="PostTests" name="Delete_Post_Success" time="1.294"/>
  <testcase classname="PostTests" name="Test_Invalid_Token_New_Post" time="0.47"/>
</testsuite> <!-- Post -->
