<?xml version="1.0" encoding="UTF-8"?>
<testng-results ignored="0" total="19" passed="19" failed="0" skipped="0">
  <reporter-output>
  </reporter-output>
  <suite started-at="2021-03-07T01:15:00Z" name="LocalExecution" finished-at="2021-03-07T01:15:49Z" duration-ms="49883">
    <groups>
      <group name="create_post">
        <method signature="PostTests.Delete_Invalid_Post()[pri:0, instance:PostTests@6591f517]" name="Delete_Invalid_Post" class="PostTests"/>
        <method signature="PostTests.Delete_Post_Success()[pri:0, instance:PostTests@6591f517]" name="Delete_Post_Success" class="PostTests"/>
        <method signature="PostTests.Get_All_Posts()[pri:0, instance:PostTests@6591f517]" name="Get_All_Posts" class="PostTests"/>
        <method signature="PostTests.Get_Invalid_Post()[pri:0, instance:PostTests@6591f517]" name="Get_Invalid_Post" class="PostTests"/>
        <method signature="PostTests.Get_One_Post()[pri:0, instance:PostTests@6591f517]" name="Get_One_Post" class="PostTests"/>
        <method signature="PostTests.Update_Post_Success()[pri:0, instance:PostTests@6591f517]" name="Update_Post_Success" class="PostTests"/>
        <method signature="PostTests.Update_Post_Unsuccessful()[pri:0, instance:PostTests@6591f517]" name="Update_Post_Unsuccessful" class="PostTests"/>
        <method signature="CommentTests.Create_Comment_Success()[pri:0, instance:CommentTests@2ea6137]" name="Create_Comment_Success" class="CommentTests"/>
        <method signature="CommentTests.Create_Comment_Unsuccessful()[pri:0, instance:CommentTests@2ea6137]" name="Create_Comment_Unsuccessful" class="CommentTests"/>
        <method signature="CommentTests.Delete_Comment_Success()[pri:0, instance:CommentTests@2ea6137]" name="Delete_Comment_Success" class="CommentTests"/>
        <method signature="CommentTests.Delete_Invalid_Comment()[pri:0, instance:CommentTests@2ea6137]" name="Delete_Invalid_Comment" class="CommentTests"/>
        <method signature="CommentTests.Get_All_Comments()[pri:0, instance:CommentTests@2ea6137]" name="Get_All_Comments" class="CommentTests"/>
        <method signature="CommentTests.Get_Invalid_Comment()[pri:0, instance:CommentTests@2ea6137]" name="Get_Invalid_Comment" class="CommentTests"/>
        <method signature="CommentTests.Get_One_Comment()[pri:0, instance:CommentTests@2ea6137]" name="Get_One_Comment" class="CommentTests"/>
        <method signature="CommentTests.Update_Comment_Success()[pri:0, instance:CommentTests@2ea6137]" name="Update_Comment_Success" class="CommentTests"/>
        <method signature="CommentTests.Update_Comment_Unsuccessful()[pri:0, instance:CommentTests@2ea6137]" name="Update_Comment_Unsuccessful" class="CommentTests"/>
      </group> <!-- create_post -->
      <group name="create_comment">
        <method signature="CommentTests.Delete_Comment_Success()[pri:0, instance:CommentTests@2ea6137]" name="Delete_Comment_Success" class="CommentTests"/>
        <method signature="CommentTests.Delete_Invalid_Comment()[pri:0, instance:CommentTests@2ea6137]" name="Delete_Invalid_Comment" class="CommentTests"/>
        <method signature="CommentTests.Get_Invalid_Comment()[pri:0, instance:CommentTests@2ea6137]" name="Get_Invalid_Comment" class="CommentTests"/>
        <method signature="CommentTests.Get_One_Comment()[pri:0, instance:CommentTests@2ea6137]" name="Get_One_Comment" class="CommentTests"/>
        <method signature="CommentTests.Update_Comment_Success()[pri:0, instance:CommentTests@2ea6137]" name="Update_Comment_Success" class="CommentTests"/>
        <method signature="CommentTests.Update_Comment_Unsuccessful()[pri:0, instance:CommentTests@2ea6137]" name="Update_Comment_Unsuccessful" class="CommentTests"/>
      </group> <!-- create_comment -->
    </groups>
    <test started-at="2021-03-07T01:15:00Z" name="Post" finished-at="2021-03-07T01:15:40Z" duration-ms="40114">
      <class name="PostTests">
        <test-method is-config="true" signature="setup(java.lang.String)[pri:0, instance:PostTests@6591f517]" started-at="2021-03-07T01:15:00Z" name="setup" finished-at="2021-03-07T01:15:05Z" duration-ms="4843" status="PASS">
          <params>
            <param index="0">
              <value>
                <![CDATA[https://api-coffee-testing.herokuapp.com]]>
              </value>
            </param>
          </params>
          <reporter-output>
          </reporter-output>
        </test-method> <!-- setup -->
        <test-method signature="Create_Post_Success()[pri:0, instance:PostTests@6591f517]" started-at="2021-03-07T01:15:05Z" name="Create_Post_Success" finished-at="2021-03-07T01:15:25Z" duration-ms="20968" status="PASS">
          <reporter-output>
          </reporter-output>
        </test-method> <!-- Create_Post_Success -->
        <test-method signature="Create_Post_Unsuccessful()[pri:0, instance:PostTests@6591f517]" started-at="2021-03-07T01:15:25Z" name="Create_Post_Unsuccessful" finished-at="2021-03-07T01:15:27Z" duration-ms="1684" status="PASS">
          <reporter-output>
          </reporter-output>
        </test-method> <!-- Create_Post_Unsuccessful -->
        <test-method is-config="true" signature="createPost()[pri:0, instance:PostTests@6591f517]" started-at="2021-03-07T01:15:27Z" name="createPost" finished-at="2021-03-07T01:15:29Z" duration-ms="1528" status="PASS">
          <reporter-output>
          </reporter-output>
        </test-method> <!-- createPost -->
        <test-method signature="Get_One_Post()[pri:0, instance:PostTests@6591f517]" started-at="2021-03-07T01:15:29Z" name="Get_One_Post" finished-at="2021-03-07T01:15:30Z" duration-ms="1579" status="PASS">
          <reporter-output>
          </reporter-output>
        </test-method> <!-- Get_One_Post -->
        <test-method signature="Get_Invalid_Post()[pri:0, instance:PostTests@6591f517]" started-at="2021-03-07T01:15:30Z" name="Get_Invalid_Post" finished-at="2021-03-07T01:15:32Z" duration-ms="1677" status="PASS">
          <reporter-output>
          </reporter-output>
        </test-method> <!-- Get_Invalid_Post -->
        <test-method signature="Get_All_Posts()[pri:0, instance:PostTests@6591f517]" started-at="2021-03-07T01:15:32Z" name="Get_All_Posts" finished-at="2021-03-07T01:15:33Z" duration-ms="1348" status="PASS">
          <reporter-output>
          </reporter-output>
        </test-method> <!-- Get_All_Posts -->
        <test-method signature="Update_Post_Success()[pri:0, instance:PostTests@6591f517]" started-at="2021-03-07T01:15:33Z" name="Update_Post_Success" finished-at="2021-03-07T01:15:35Z" duration-ms="1649" status="PASS">
          <reporter-output>
          </reporter-output>
        </test-method> <!-- Update_Post_Success -->
        <test-method signature="Update_Post_Unsuccessful()[pri:0, instance:PostTests@6591f517]" started-at="2021-03-07T01:15:35Z" name="Update_Post_Unsuccessful" finished-at="2021-03-07T01:15:36Z" duration-ms="1491" status="PASS">
          <reporter-output>
          </reporter-output>
        </test-method> <!-- Update_Post_Unsuccessful -->
        <test-method signature="Delete_Invalid_Post()[pri:0, instance:PostTests@6591f517]" started-at="2021-03-07T01:15:36Z" name="Delete_Invalid_Post" finished-at="2021-03-07T01:15:38Z" duration-ms="1497" status="PASS">
          <reporter-output>
          </reporter-output>
        </test-method> <!-- Delete_Invalid_Post -->
        <test-method signature="Delete_Post_Success()[pri:0, instance:PostTests@6591f517]" started-at="2021-03-07T01:15:38Z" name="Delete_Post_Success" finished-at="2021-03-07T01:15:39Z" duration-ms="1294" status="PASS">
          <reporter-output>
          </reporter-output>
        </test-method> <!-- Delete_Post_Success -->
        <test-method signature="Test_Invalid_Token_New_Post()[pri:0, instance:PostTests@6591f517]" started-at="2021-03-07T01:15:39Z" name="Test_Invalid_Token_New_Post" finished-at="2021-03-07T01:15:40Z" duration-ms="470" status="PASS">
          <reporter-output>
          </reporter-output>
        </test-method> <!-- Test_Invalid_Token_New_Post -->
      </class> <!-- PostTests -->
    </test> <!-- Post -->
    <test started-at="2021-03-07T01:15:40Z" name="Comment" finished-at="2021-03-07T01:15:49Z" duration-ms="9667">
      <class name="CommentTests">
        <test-method is-config="true" signature="createPost()[pri:0, instance:CommentTests@2ea6137]" started-at="2021-03-07T01:15:40Z" name="createPost" finished-at="2021-03-07T01:15:41Z" duration-ms="1562" status="PASS">
          <reporter-output>
          </reporter-output>
        </test-method> <!-- createPost -->
        <test-method is-config="true" signature="setup(java.lang.String)[pri:0, instance:CommentTests@2ea6137]" started-at="2021-03-07T01:15:40Z" name="setup" finished-at="2021-03-07T01:15:40Z" duration-ms="0" status="PASS">
          <params>
            <param index="0">
              <value>
                <![CDATA[https://api-coffee-testing.herokuapp.com]]>
              </value>
            </param>
          </params>
          <reporter-output>
          </reporter-output>
        </test-method> <!-- setup -->
        <test-method signature="Create_Comment_Success()[pri:0, instance:CommentTests@2ea6137]" started-at="2021-03-07T01:15:41Z" name="Create_Comment_Success" finished-at="2021-03-07T01:15:42Z" duration-ms="670" status="PASS">
          <reporter-output>
          </reporter-output>
        </test-method> <!-- Create_Comment_Success -->
        <test-method signature="Create_Comment_Unsuccessful()[pri:0, instance:CommentTests@2ea6137]" started-at="2021-03-07T01:15:42Z" name="Create_Comment_Unsuccessful" finished-at="2021-03-07T01:15:43Z" duration-ms="570" status="PASS">
          <reporter-output>
          </reporter-output>
        </test-method> <!-- Create_Comment_Unsuccessful -->
        <test-method is-config="true" signature="Create_Comment()[pri:0, instance:CommentTests@2ea6137]" started-at="2021-03-07T01:15:43Z" name="Create_Comment" finished-at="2021-03-07T01:15:43Z" duration-ms="632" status="PASS">
          <reporter-output>
          </reporter-output>
        </test-method> <!-- Create_Comment -->
        <test-method signature="Get_One_Comment()[pri:0, instance:CommentTests@2ea6137]" started-at="2021-03-07T01:15:43Z" name="Get_One_Comment" finished-at="2021-03-07T01:15:44Z" duration-ms="642" status="PASS">
          <reporter-output>
          </reporter-output>
        </test-method> <!-- Get_One_Comment -->
        <test-method signature="Get_Invalid_Comment()[pri:0, instance:CommentTests@2ea6137]" started-at="2021-03-07T01:15:44Z" name="Get_Invalid_Comment" finished-at="2021-03-07T01:15:45Z" duration-ms="907" status="PASS">
          <reporter-output>
          </reporter-output>
        </test-method> <!-- Get_Invalid_Comment -->
        <test-method signature="Get_All_Comments()[pri:0, instance:CommentTests@2ea6137]" started-at="2021-03-07T01:15:45Z" name="Get_All_Comments" finished-at="2021-03-07T01:15:45Z" duration-ms="485" status="PASS">
          <reporter-output>
          </reporter-output>
        </test-method> <!-- Get_All_Comments -->
        <test-method signature="Update_Comment_Success()[pri:0, instance:CommentTests@2ea6137]" started-at="2021-03-07T01:15:45Z" name="Update_Comment_Success" finished-at="2021-03-07T01:15:46Z" duration-ms="560" status="PASS">
          <reporter-output>
          </reporter-output>
        </test-method> <!-- Update_Comment_Success -->
        <test-method signature="Update_Comment_Unsuccessful()[pri:0, instance:CommentTests@2ea6137]" started-at="2021-03-07T01:15:46Z" name="Update_Comment_Unsuccessful" finished-at="2021-03-07T01:15:46Z" duration-ms="547" status="PASS">
          <reporter-output>
          </reporter-output>
        </test-method> <!-- Update_Comment_Unsuccessful -->
        <test-method signature="Delete_Invalid_Comment()[pri:0, instance:CommentTests@2ea6137]" started-at="2021-03-07T01:15:46Z" name="Delete_Invalid_Comment" finished-at="2021-03-07T01:15:49Z" duration-ms="2540" status="PASS">
          <reporter-output>
          </reporter-output>
        </test-method> <!-- Delete_Invalid_Comment -->
        <test-method signature="Delete_Comment_Success()[pri:0, instance:CommentTests@2ea6137]" started-at="2021-03-07T01:15:49Z" name="Delete_Comment_Success" finished-at="2021-03-07T01:15:49Z" duration-ms="550" status="PASS">
          <reporter-output>
          </reporter-output>
        </test-method> <!-- Delete_Comment_Success -->
      </class> <!-- CommentTests -->
    </test> <!-- Comment -->
  </suite> <!-- LocalExecution -->
</testng-results>
