<?xml version="1.0" encoding="UTF-8"?>
<testsuite xmlns:xsi="http://www.w3.org/2001/XMLSchema-instance" xsi:noNamespaceSchemaLocation="https://maven.apache.org/surefire/maven-surefire-plugin/xsd/surefire-test-report.xsd" name="TestSuite" time="53.262" tests="19" errors="0" skipped="0" failures="0">
  <properties>
[...]
</properties>
  <testcase name="Create_Post_Success" classname="PostTests" time="20.968"/>
  <testcase name="Create_Post_Unsuccessful" classname="PostTests" time="1.767"/>
  <testcase name="Get_One_Post" classname="PostTests" time="1.561"/>
  <testcase name="Get_Invalid_Post" classname="PostTests" time="1.861"/>
  <testcase name="Get_All_Posts" classname="PostTests" time="1.163"/>
  <testcase name="Update_Post_Success" classname="PostTests" time="1.787"/>
  <testcase name="Update_Post_Unsuccessful" classname="PostTests" time="1.314"/>
  <testcase name="Delete_Invalid_Post" classname="PostTests" time="1.527"/>
  <testcase name="Delete_Post_Success" classname="PostTests" time="1.295"/>
  <testcase name="Test_Invalid_Token_New_Post" classname="PostTests" time="0.46"/>
  <testcase name="Create_Comment_Success" classname="CommentTests" time="0.693"/>
  <testcase name="Create_Comment_Unsuccessful" classname="CommentTests" time="0.546"/>
  <testcase name="Get_One_Comment" classname="CommentTests" time="0.597"/>
  <testcase name="Get_Invalid_Comment" classname="CommentTests" time="0.871"/>
  <testcase name="Get_All_Comments" classname="CommentTests" time="0.491"/>
  <testcase name="Update_Comment_Success" classname="CommentTests" time="0.559"/>
  <testcase name="Update_Comment_Unsuccessful" classname="CommentTests" time="0.564"/>
  <testcase name="Delete_Invalid_Comment" classname="CommentTests" time="2.521"/>
  <testcase name="Delete_Comment_Success" classname="CommentTests" time="0.552"/>
</testsuite>